Using pre-set license

 COMMAND LINE ARGUMENTS:
/Applications/Unity/Hub/Editor/2020.3.12f1/Unity.app/Contents/MacOS/Unity
-adb2
-batchMode
-noUpm
-name
AssetImportWorker0
-projectPath
/Users/Wenhun/Unity Education/Crystals
-logFile
Logs/AssetImportWorker0.log
-srvPort
53466
Successfully changed project path to: /Users/Wenhun/Unity Education/Crystals
/Users/Wenhun/Unity Education/Crystals
Using Asset Import Pipeline V2.
Refreshing native plugins compatible for Editor in 52.29 ms, found 2 plugins.
Preloading 0 native plugins for Editor in 0.00 ms.
Initialize engine version: 2020.3.12f1 (b3b2c6512326)
[Subsystems] Discovering subsystems at path /Applications/Unity/Hub/Editor/2020.3.12f1/Unity.app/Contents/Resources/UnitySubsystems
[Subsystems] Discovering subsystems at path /Users/Wenhun/Unity Education/Crystals/Assets
GfxDevice: creating device client; threaded=0
2022-11-08 20:17:26.874 Unity[3530:276632] Color LCD preferred device: Intel Iris Pro Graphics (low power)
2022-11-08 20:17:26.874 Unity[3530:276632] Metal devices available: 1
2022-11-08 20:17:26.874 Unity[3530:276632] 0: Intel Iris Pro Graphics (low power)
2022-11-08 20:17:26.875 Unity[3530:276632] Using device Intel Iris Pro Graphics (low power)
Initializing Metal device caps: Intel Iris Pro Graphics
Initialize mono
Mono path[0] = '/Applications/Unity/Hub/Editor/2020.3.12f1/Unity.app/Contents/Managed'
Mono path[1] = '/Applications/Unity/Hub/Editor/2020.3.12f1/Unity.app/Contents/MonoBleedingEdge/lib/mono/unityjit'
Mono config path = '/Applications/Unity/Hub/Editor/2020.3.12f1/Unity.app/Contents/MonoBleedingEdge/etc'
Using monoOptions --debugger-agent=transport=dt_socket,embedding=1,server=y,suspend=n,address=127.0.0.1:56530
Begin MonoManager ReloadAssembly
Registering precompiled unity dll's ...
Register platform support module: /Applications/Unity/Hub/Editor/2020.3.12f1/PlaybackEngines/WebGLSupport/UnityEditor.WebGL.Extensions.dll
Register platform support module: /Applications/Unity/Hub/Editor/2020.3.12f1/Unity.app/Contents/PlaybackEngines/MacStandaloneSupport/UnityEditor.OSXStandalone.Extensions.dll
Register platform support module: /Applications/Unity/Hub/Editor/2020.3.12f1/PlaybackEngines/WindowsStandaloneSupport/UnityEditor.WindowsStandalone.Extensions.dll
Registered in 0.001158 seconds.
Native extension for WindowsStandalone target not found
Native extension for OSXStandalone target not found
Native extension for WebGL target not found
Refreshing native plugins compatible for Editor in 99.70 ms, found 2 plugins.
Preloading 0 native plugins for Editor in 0.00 ms.
Mono: successfully reloaded assembly
- Completed reload, in  4.725 seconds
Platform modules already initialized, skipping
Registering precompiled user dll's ...
Registered in 0.003640 seconds.
Begin MonoManager ReloadAssembly
Native extension for WindowsStandalone target not found
Native extension for OSXStandalone target not found
Native extension for WebGL target not found
Refreshing native plugins compatible for Editor in 51.88 ms, found 2 plugins.
Preloading 0 native plugins for Editor in 0.00 ms.
Mono: successfully reloaded assembly
- Completed reload, in  2.269 seconds
Platform modules already initialized, skipping
========================================================================
Worker process is ready to serve import requests
Launching external process: /Applications/Unity/Hub/Editor/2020.3.12f1/Unity.app/Contents/Tools/UnityShaderCompiler
Launched and connected shader compiler UnityShaderCompiler after 0.01 seconds
Refreshing native plugins compatible for Editor in 0.50 ms, found 2 plugins.
Preloading 0 native plugins for Editor in 0.00 ms.
Unloading 1842 Unused Serialized files (Serialized files now loaded: 0)
System memory in use before: 164.4 MB.
System memory in use after: 164.4 MB.

Unloading 22 unused Assets to reduce memory usage. Loaded Objects now: 2279.
Total: 2.794085 ms (FindLiveObjects: 0.214946 ms CreateObjectMapping: 0.071881 ms MarkObjects: 2.397670 ms  DeleteObjects: 0.108732 ms)

AssetImportParameters requested are different than current active one (requested -> active):
  custom:video-decoder-ogg-theora: a1e56fd34408186e4bbccfd4996cb3dc -> 
  custom:container-muxer-webm: aa71ff27fc2769a1b78a27578f13a17b -> 
  custom:container-demuxer-webm: 4f35f7cbe854078d1ac9338744f61a02 -> 
  custom:container-demuxer-ogg: 62fdf1f143b41e24485cea50d1cbac27 -> 
  custom:video-encoder-webm-vp8: eb34c28f22e8b96e1ab97ce403110664 -> 
  custom:framework-osx-AVFoundation: b23960f63f64bdc6ff669e2cdcee2391 -> 
  custom:video-decoder-webm-vp8: 9c59270c3fd7afecdb556c50c9e8de78 -> 
  custom:audio-decoder-ogg-vorbis: bf7c407c2cedff20999df2af8eb42d56 -> 
  custom:audio-encoder-webm-vorbis: bf7c407c2cedff20999df2af8eb42d56 -> 
========================================================================
Received Import Request.
  path: Assets/Cubes/Scripts/AddNewCubes.cs
  artifactKey: Guid(95771a24e6e114c5c88977f019cda2e6) Importer(815301076,1909f56bfc062723c751e8b465ee728b)
Start importing Assets/Cubes/Scripts/AddNewCubes.cs using Guid(95771a24e6e114c5c88977f019cda2e6) Importer(815301076,1909f56bfc062723c751e8b465ee728b)  -> (artifact id: 'ec747bcadca656943adce6ac9070cb05') in 0.466192 seconds 
  Import took 0.470303 seconds .

========================================================================
Received Prepare
Registering precompiled user dll's ...
Registered in 0.003104 seconds.
Begin MonoManager ReloadAssembly
Native extension for WindowsStandalone target not found
Native extension for OSXStandalone target not found
Native extension for WebGL target not found
Refreshing native plugins compatible for Editor in 0.53 ms, found 2 plugins.
Preloading 0 native plugins for Editor in 0.00 ms.
Mono: successfully reloaded assembly
- Completed reload, in  1.674 seconds
Platform modules already initialized, skipping
Refreshing native plugins compatible for Editor in 0.49 ms, found 2 plugins.
Preloading 0 native plugins for Editor in 0.00 ms.
Unloading 1824 Unused Serialized files (Serialized files now loaded: 0)
System memory in use before: 168.0 MB.
System memory in use after: 168.1 MB.

Unloading 15 unused Assets to reduce memory usage. Loaded Objects now: 2281.
Total: 3.071293 ms (FindLiveObjects: 0.289381 ms CreateObjectMapping: 0.074779 ms MarkObjects: 2.601998 ms  DeleteObjects: 0.103440 ms)

AssetImportParameters requested are different than current active one (requested -> active):
  custom:video-decoder-ogg-theora: a1e56fd34408186e4bbccfd4996cb3dc -> 
  custom:container-muxer-webm: aa71ff27fc2769a1b78a27578f13a17b -> 
  custom:container-demuxer-webm: 4f35f7cbe854078d1ac9338744f61a02 -> 
  custom:container-demuxer-ogg: 62fdf1f143b41e24485cea50d1cbac27 -> 
  custom:video-encoder-webm-vp8: eb34c28f22e8b96e1ab97ce403110664 -> 
  custom:framework-osx-AVFoundation: b23960f63f64bdc6ff669e2cdcee2391 -> 
  custom:video-decoder-webm-vp8: 9c59270c3fd7afecdb556c50c9e8de78 -> 
  custom:audio-decoder-ogg-vorbis: bf7c407c2cedff20999df2af8eb42d56 -> 
  custom:audio-encoder-webm-vorbis: bf7c407c2cedff20999df2af8eb42d56 -> 
========================================================================
Received Import Request.
  Time since last request: 2880.072914 seconds.
  path: Assets/Cubes/Scripts/AddNewCubes.cs
  artifactKey: Guid(95771a24e6e114c5c88977f019cda2e6) Importer(815301076,1909f56bfc062723c751e8b465ee728b)
Start importing Assets/Cubes/Scripts/AddNewCubes.cs using Guid(95771a24e6e114c5c88977f019cda2e6) Importer(815301076,1909f56bfc062723c751e8b465ee728b)  -> (artifact id: 'd8da00a690bbcfc9f5231828adbd4b0d') in 0.011963 seconds 
  Import took 0.017045 seconds .

========================================================================
Received Import Request.
  Time since last request: 4.392455 seconds.
  path: Assets/EasyCustomCursor/ExampleSprites/arrow.png
  artifactKey: Guid(0bc1aac13b5549f439b4752c7ff61f8d) Importer(815301076,1909f56bfc062723c751e8b465ee728b)
Start importing Assets/EasyCustomCursor/ExampleSprites/arrow.png using Guid(0bc1aac13b5549f439b4752c7ff61f8d) Importer(815301076,1909f56bfc062723c751e8b465ee728b)  -> (artifact id: 'fb40690c04e8d7b5a915d3c5baa25bc1') in 0.570915 seconds 
  Import took 0.576201 seconds .

========================================================================
Received Import Request.
  Time since last request: 0.000320 seconds.
  path: Assets/EasyCustomCursor/ExampleSprites/rightClick.png
  artifactKey: Guid(9257cb8c78fa08243abf2e970d247bf8) Importer(815301076,1909f56bfc062723c751e8b465ee728b)
Start importing Assets/EasyCustomCursor/ExampleSprites/rightClick.png using Guid(9257cb8c78fa08243abf2e970d247bf8) Importer(815301076,1909f56bfc062723c751e8b465ee728b)  -> (artifact id: '706f60cac558752838c26d0428125558') in 0.011617 seconds 
  Import took 0.016068 seconds .

========================================================================
Received Import Request.
  Time since last request: 0.000244 seconds.
  path: Assets/EasyCustomCursor/ExampleSprites/prefab.png
  artifactKey: Guid(970436c51462b2b499c24613278924c3) Importer(815301076,1909f56bfc062723c751e8b465ee728b)
Start importing Assets/EasyCustomCursor/ExampleSprites/prefab.png using Guid(970436c51462b2b499c24613278924c3) Importer(815301076,1909f56bfc062723c751e8b465ee728b)  -> (artifact id: 'bba5f0b48195412651baad44de16d9c6') in 0.014318 seconds 
  Import took 0.018703 seconds .

========================================================================
Received Import Request.
  Time since last request: 0.000290 seconds.
  path: Assets/EasyCustomCursor/ExampleSprites/default.png
  artifactKey: Guid(5d42aa3e0ad33074f9eee2e5f430340e) Importer(815301076,1909f56bfc062723c751e8b465ee728b)
Start importing Assets/EasyCustomCursor/ExampleSprites/default.png using Guid(5d42aa3e0ad33074f9eee2e5f430340e) Importer(815301076,1909f56bfc062723c751e8b465ee728b)  -> (artifact id: '360e75ef33cb5e1f2e875a8da61bf85f') in 0.011106 seconds 
  Import took 0.015057 seconds .

========================================================================
Received Import Request.
  Time since last request: 0.000200 seconds.
  path: Assets/EasyCustomCursor/ExampleSprites/scrolling.png
  artifactKey: Guid(b66276e4b2205a448b32fb4ec8b8f95e) Importer(815301076,1909f56bfc062723c751e8b465ee728b)
Start importing Assets/EasyCustomCursor/ExampleSprites/scrolling.png using Guid(b66276e4b2205a448b32fb4ec8b8f95e) Importer(815301076,1909f56bfc062723c751e8b465ee728b)  -> (artifact id: 'e2bf1f5b199024efa8e3bc493367fa29') in 0.017078 seconds 
  Import took 0.021615 seconds .

========================================================================
Received Import Request.
  Time since last request: 0.000203 seconds.
  path: Assets/EasyCustomCursor/ExampleSprites/leftClick.png
  artifactKey: Guid(037fd72d98560a8498cee29129a78b64) Importer(815301076,1909f56bfc062723c751e8b465ee728b)
Start importing Assets/EasyCustomCursor/ExampleSprites/leftClick.png using Guid(037fd72d98560a8498cee29129a78b64) Importer(815301076,1909f56bfc062723c751e8b465ee728b)  -> (artifact id: 'ff0f1872251f660385a85a1433bbf0b0') in 0.015154 seconds 
  Import took 0.019057 seconds .

